W tensorflow/core/framework/op_def_util.cc:332] Op BatchNormWithGlobalNormalization is deprecated. It will cease to work in GraphDef version 9. Use tf.nn.batch_normalization().
Traceback (most recent call last):
  File "./classify_image.py", line 213, in <module>
    tf.app.run()
  File "/usr/local/lib/python2.7/dist-packages/tensorflow/python/platform/app.py", line 30, in run
    sys.exit(main(sys.argv))
  File "./classify_image.py", line 209, in main
    run_inference_on_image(image)
  File "./classify_image.py", line 173, in run_inference_on_image
    {'DecodeJpeg/contents:0': image_data})
  File "/usr/local/lib/python2.7/dist-packages/tensorflow/python/client/session.py", line 710, in run
    run_metadata_ptr)
  File "/usr/local/lib/python2.7/dist-packages/tensorflow/python/client/session.py", line 908, in _run
    feed_dict_string, options, run_metadata)
  File "/usr/local/lib/python2.7/dist-packages/tensorflow/python/client/session.py", line 958, in _do_run
    target_list, options, run_metadata)
  File "/usr/local/lib/python2.7/dist-packages/tensorflow/python/client/session.py", line 965, in _do_call
    return fn(*args)
  File "/usr/local/lib/python2.7/dist-packages/tensorflow/python/client/session.py", line 947, in _run_fn
    status, run_metadata)
KeyboardInterrupt
